2024-04-23 07:33:32,879 - DEBUG - Logging debug
2024-04-23 07:33:33,885 - DEBUG - Logging debug
2024-04-23 07:33:34,894 - INFO - Logging critical
2024-04-23 07:33:35,902 - DEBUG - Logging debug
2024-04-23 07:33:36,911 - DEBUG - Logging debug
2024-04-23 07:33:37,916 - ERROR - Logging error
2024-04-23 07:33:38,924 - WARNING - Logging warning
2024-04-23 07:33:39,933 - DEBUG - Logging debug
2024-04-23 07:33:40,941 - ERROR - Logging error
2024-04-23 07:33:41,946 - INFO - Logging info
2024-04-23 07:33:42,953 - DEBUG - Logging debug
2024-04-23 07:33:43,959 - INFO - Logging info
2024-04-23 07:33:44,967 - INFO - Logging critical
2024-04-23 07:33:45,973 - INFO - Logging critical
2024-04-23 07:33:47,010 - WARNING - Logging warning
2024-04-23 07:33:48,019 - INFO - Logging critical
2024-04-23 07:33:49,027 - WARNING - Logging warning
2024-04-23 07:33:50,032 - DEBUG - Logging debug
2024-04-23 07:33:51,040 - INFO - Logging info
2024-04-23 07:33:52,048 - ERROR - Logging error
2024-04-23 07:33:53,058 - DEBUG - Logging debug
2024-04-23 07:33:54,066 - INFO - Logging critical
2024-04-23 07:33:55,075 - INFO - Logging critical
2024-04-23 07:33:56,083 - WARNING - Logging warning
2024-04-23 07:33:57,091 - INFO - Logging info
2024-04-23 07:33:58,102 - INFO - Logging critical
2024-04-23 07:33:59,108 - ERROR - Logging error
2024-04-23 07:34:00,115 - INFO - Logging critical
2024-04-23 07:34:01,123 - ERROR - Logging error
2024-04-23 07:34:02,131 - INFO - Logging info
2024-04-23 07:34:03,137 - DEBUG - Logging debug
2024-04-23 07:34:04,154 - WARNING - Logging warning
2024-04-23 07:34:05,161 - ERROR - Logging error
2024-04-23 07:34:06,171 - ERROR - Logging error
2024-04-23 07:34:07,177 - ERROR - Logging error
2024-04-23 07:34:08,185 - WARNING - Logging warning
2024-04-23 07:34:09,192 - DEBUG - Logging debug
2024-04-23 07:34:10,201 - INFO - Logging critical
2024-04-23 07:34:11,208 - WARNING - Logging warning
2024-04-23 07:34:12,217 - INFO - Logging critical
2024-04-23 07:34:13,234 - INFO - Logging critical
2024-04-23 07:34:14,248 - DEBUG - Logging debug
2024-04-23 07:34:15,258 - INFO - Logging info
2024-04-23 07:34:16,216 - INFO - 
Logging interrupted. Exiting.
2024-04-23 11:23:41,142 - ERROR - Logging error
2024-04-23 11:23:42,147 - DEBUG - Logging debug
2024-04-23 11:23:43,153 - INFO - Logging critical
2024-04-23 11:23:44,157 - DEBUG - Logging debug
2024-04-23 11:23:45,161 - WARNING - Logging warning
2024-04-23 11:23:46,165 - INFO - Logging info
2024-04-23 11:23:47,168 - INFO - Logging info
2024-04-23 11:23:48,172 - INFO - Logging critical
2024-04-23 11:23:49,177 - INFO - Logging info
2024-04-23 11:23:50,181 - DEBUG - Logging debug
2024-04-23 11:23:51,184 - WARNING - Logging warning
2024-04-23 11:23:52,188 - ERROR - Logging error
2024-04-23 11:23:53,192 - INFO - Logging critical
2024-04-23 11:23:54,197 - ERROR - Logging error
2024-04-23 11:23:55,202 - WARNING - Logging warning
2024-04-23 11:23:56,206 - DEBUG - Logging debug
2024-04-23 11:23:57,211 - WARNING - Logging warning
2024-04-23 11:23:58,215 - INFO - Logging critical
2024-04-23 11:23:59,220 - INFO - Logging info
2024-04-23 11:24:00,224 - ERROR - Logging error
2024-04-23 11:24:01,226 - INFO - Logging critical
2024-04-23 11:24:02,231 - INFO - Logging info
2024-04-23 11:24:03,235 - DEBUG - Logging debug
2024-04-23 11:24:04,240 - INFO - Logging critical
2024-04-23 11:24:05,244 - WARNING - Logging warning
2024-04-23 11:24:06,247 - INFO - Logging info
2024-04-23 11:24:07,252 - DEBUG - Logging debug
2024-04-23 11:24:08,259 - WARNING - Logging warning
2024-04-23 11:24:09,269 - INFO - Logging info
2024-04-23 11:24:10,276 - WARNING - Logging warning
2024-04-23 11:24:11,280 - DEBUG - Logging debug
2024-04-23 11:24:12,284 - DEBUG - Logging debug
2024-04-23 11:24:13,287 - DEBUG - Logging debug
2024-04-23 11:24:14,291 - INFO - Logging info
2024-04-23 11:24:15,295 - WARNING - Logging warning
2024-04-23 11:24:16,299 - WARNING - Logging warning
2024-04-23 11:24:17,303 - WARNING - Logging warning
2024-04-23 11:24:18,306 - DEBUG - Logging debug
2024-04-23 11:24:19,310 - INFO - Logging info
2024-04-23 11:24:20,314 - ERROR - Logging error
2024-04-23 11:24:21,319 - DEBUG - Logging debug
2024-04-23 11:24:22,324 - WARNING - Logging warning
2024-04-23 11:24:23,328 - INFO - Logging info
2024-04-23 11:24:24,332 - WARNING - Logging warning
2024-04-23 11:24:25,337 - DEBUG - Logging debug
2024-04-23 11:24:26,340 - INFO - Logging info
2024-04-23 11:24:27,343 - WARNING - Logging warning
2024-04-23 11:24:28,348 - INFO - Logging critical
2024-04-23 11:24:29,352 - WARNING - Logging warning
2024-04-23 11:24:30,357 - INFO - Logging critical
2024-04-23 11:24:31,362 - DEBUG - Logging debug
2024-04-23 11:24:32,366 - INFO - Logging critical
2024-04-23 11:24:33,370 - ERROR - Logging error
2024-04-23 11:24:34,375 - WARNING - Logging warning
2024-04-23 11:24:35,380 - INFO - Logging info
2024-04-23 11:24:36,385 - ERROR - Logging error
2024-04-23 11:24:37,389 - INFO - Logging info
2024-04-23 11:24:38,393 - ERROR - Logging error
2024-04-23 11:24:39,398 - ERROR - Logging error
2024-04-23 11:24:40,403 - WARNING - Logging warning
2024-04-23 11:24:41,410 - ERROR - Logging error
2024-04-23 11:24:42,417 - DEBUG - Logging debug
2024-04-23 11:24:43,423 - INFO - Logging critical
2024-04-23 11:24:44,451 - ERROR - Logging error
2024-04-23 11:24:45,455 - ERROR - Logging error
2024-04-23 11:24:46,460 - DEBUG - Logging debug
2024-04-23 11:24:47,466 - ERROR - Logging error
2024-04-23 11:24:48,473 - INFO - Logging critical
2024-04-23 11:24:49,481 - INFO - Logging info
2024-04-23 11:24:50,487 - ERROR - Logging error
2024-04-23 11:24:51,493 - ERROR - Logging error
2024-04-23 11:24:52,511 - DEBUG - Logging debug
2024-04-23 11:24:53,516 - DEBUG - Logging debug
2024-04-23 11:24:54,520 - DEBUG - Logging debug
2024-04-23 11:24:55,525 - INFO - Logging info
2024-04-23 11:24:56,528 - WARNING - Logging warning
2024-04-23 11:24:57,535 - INFO - Logging info
2024-04-23 11:24:58,540 - ERROR - Logging error
2024-04-23 11:24:59,544 - INFO - Logging critical
2024-04-23 11:25:00,549 - ERROR - Logging error
2024-04-23 11:25:01,554 - ERROR - Logging error
2024-04-23 11:25:02,559 - WARNING - Logging warning
2024-04-23 11:25:03,563 - INFO - Logging info
2024-04-23 11:25:04,567 - INFO - Logging info
2024-04-23 11:25:05,571 - WARNING - Logging warning
2024-04-23 11:25:06,576 - INFO - Logging critical
2024-04-23 11:25:07,581 - INFO - Logging info
2024-04-23 11:25:08,585 - INFO - Logging critical
2024-04-23 11:25:09,589 - ERROR - Logging error
2024-04-23 11:25:10,594 - INFO - Logging info
2024-04-23 11:25:11,597 - INFO - Logging critical
2024-04-23 11:25:12,602 - ERROR - Logging error
2024-04-23 11:25:13,605 - ERROR - Logging error
2024-04-23 11:25:14,608 - WARNING - Logging warning
2024-04-23 11:25:15,612 - INFO - Logging info
2024-04-23 11:25:16,617 - ERROR - Logging error
2024-04-23 11:25:17,620 - ERROR - Logging error
2024-04-23 11:25:18,625 - INFO - Logging info
2024-04-23 11:25:19,629 - INFO - Logging critical
2024-04-23 11:25:20,635 - DEBUG - Logging debug
2024-04-23 11:25:21,639 - WARNING - Logging warning
2024-04-23 11:25:22,645 - INFO - Logging critical
2024-04-23 11:25:23,652 - INFO - Logging critical
2024-04-23 11:25:24,693 - ERROR - Logging error
2024-04-23 11:25:25,698 - DEBUG - Logging debug
2024-04-23 11:25:26,703 - INFO - Logging info
2024-04-23 11:25:27,707 - ERROR - Logging error
2024-04-23 11:25:28,712 - INFO - Logging critical
2024-04-23 11:25:29,719 - WARNING - Logging warning
2024-04-23 11:25:30,728 - DEBUG - Logging debug
2024-04-23 11:25:31,731 - INFO - Logging info
2024-04-23 11:25:32,736 - INFO - Logging info
2024-04-23 11:25:33,740 - DEBUG - Logging debug
2024-04-23 11:25:34,745 - DEBUG - Logging debug
2024-04-23 11:25:35,753 - INFO - Logging critical
2024-04-23 11:25:36,758 - INFO - Logging info
2024-04-23 11:25:37,762 - INFO - Logging info
2024-04-23 11:25:38,765 - DEBUG - Logging debug
2024-04-23 11:25:39,770 - INFO - Logging info
2024-04-23 11:25:40,777 - INFO - Logging critical
2024-04-23 11:25:41,797 - ERROR - Logging error
2024-04-23 11:25:42,800 - INFO - Logging info
2024-04-23 11:25:43,805 - ERROR - Logging error
2024-04-23 11:25:44,809 - WARNING - Logging warning
2024-04-23 11:25:45,814 - INFO - Logging info
2024-04-23 11:25:46,818 - ERROR - Logging error
2024-04-23 11:25:47,822 - DEBUG - Logging debug
2024-04-23 11:25:48,826 - DEBUG - Logging debug
2024-04-23 11:25:49,830 - DEBUG - Logging debug
2024-04-23 11:25:50,834 - ERROR - Logging error
2024-04-23 11:25:51,838 - DEBUG - Logging debug
2024-04-23 11:25:52,842 - WARNING - Logging warning
2024-04-23 11:25:53,858 - DEBUG - Logging debug
2024-04-23 11:25:54,862 - INFO - Logging critical
2024-04-23 11:25:55,866 - INFO - Logging info
2024-04-23 11:25:56,872 - INFO - Logging critical
2024-04-23 11:25:57,875 - INFO - Logging info
2024-04-23 11:25:58,880 - ERROR - Logging error
2024-04-23 11:25:59,885 - WARNING - Logging warning
2024-04-23 11:26:00,889 - INFO - Logging info
2024-04-23 11:26:01,893 - DEBUG - Logging debug
2024-04-23 11:26:02,897 - DEBUG - Logging debug
2024-04-23 11:26:03,902 - WARNING - Logging warning
2024-04-23 11:26:04,906 - ERROR - Logging error
2024-04-23 11:26:05,915 - INFO - Logging info
2024-04-23 11:26:06,919 - INFO - Logging info
2024-04-23 11:26:07,924 - WARNING - Logging warning
2024-04-23 11:26:08,928 - ERROR - Logging error
2024-04-23 11:26:09,931 - INFO - Logging critical
2024-04-23 11:26:10,936 - INFO - Logging critical
2024-04-23 11:26:11,940 - DEBUG - Logging debug
2024-04-23 11:26:12,944 - DEBUG - Logging debug
2024-04-23 11:26:13,949 - INFO - Logging info
2024-04-23 11:26:14,954 - WARNING - Logging warning
2024-04-23 11:26:15,958 - DEBUG - Logging debug
2024-04-23 11:26:16,961 - ERROR - Logging error
2024-04-23 11:26:17,966 - DEBUG - Logging debug
2024-04-23 11:26:18,970 - INFO - Logging info
2024-04-23 11:26:19,974 - INFO - Logging info
2024-04-23 11:26:20,978 - WARNING - Logging warning
2024-04-23 11:26:21,985 - ERROR - Logging error
2024-04-23 11:26:22,990 - WARNING - Logging warning
2024-04-23 11:26:23,995 - INFO - Logging info
2024-04-23 11:26:24,999 - INFO - Logging critical
2024-04-23 11:26:26,003 - WARNING - Logging warning
2024-04-23 11:26:27,006 - INFO - Logging info
2024-04-23 11:26:28,010 - WARNING - Logging warning
2024-04-23 11:26:29,015 - DEBUG - Logging debug
2024-04-23 11:26:30,019 - INFO - Logging info
2024-04-23 11:26:31,023 - ERROR - Logging error
2024-04-23 11:26:32,026 - INFO - Logging info
2024-04-23 11:26:33,083 - WARNING - Logging warning
2024-04-23 11:26:34,087 - ERROR - Logging error
2024-04-23 11:26:35,091 - INFO - Logging info
2024-04-23 11:26:36,114 - INFO - Logging info
2024-04-23 11:26:37,117 - DEBUG - Logging debug
2024-04-23 11:26:38,121 - INFO - Logging info
2024-04-23 11:26:39,126 - INFO - Logging info
2024-04-23 11:26:40,131 - DEBUG - Logging debug
2024-04-23 11:26:41,137 - DEBUG - Logging debug
2024-04-23 11:26:42,141 - DEBUG - Logging debug
2024-04-23 11:26:43,145 - INFO - Logging critical
2024-04-23 11:26:44,150 - ERROR - Logging error
2024-04-23 11:26:45,154 - DEBUG - Logging debug
2024-04-23 11:26:46,159 - INFO - Logging info
2024-04-23 11:26:47,163 - INFO - Logging info
2024-04-23 11:26:48,167 - WARNING - Logging warning
2024-04-23 11:26:49,171 - INFO - Logging critical
2024-04-23 11:26:50,175 - ERROR - Logging error
2024-04-23 11:26:51,180 - ERROR - Logging error
2024-04-23 11:26:52,185 - WARNING - Logging warning
2024-04-23 11:26:53,189 - INFO - Logging info
2024-04-23 11:26:54,193 - INFO - Logging critical
2024-04-23 11:26:55,197 - INFO - Logging info
2024-04-23 11:26:56,202 - ERROR - Logging error
2024-04-23 11:26:57,206 - ERROR - Logging error
2024-04-23 11:26:58,210 - WARNING - Logging warning
2024-04-23 11:26:59,215 - INFO - Logging critical
2024-04-23 11:27:00,220 - INFO - Logging critical
2024-04-23 11:27:01,224 - ERROR - Logging error
2024-04-23 11:27:02,229 - ERROR - Logging error
2024-04-23 11:27:03,233 - INFO - Logging critical
2024-04-23 11:27:04,237 - DEBUG - Logging debug
2024-04-23 11:27:05,241 - WARNING - Logging warning
2024-04-23 11:27:06,245 - WARNING - Logging warning
2024-04-23 11:27:07,249 - ERROR - Logging error
2024-04-23 11:27:08,254 - INFO - Logging info
2024-04-23 11:27:09,258 - DEBUG - Logging debug
2024-04-23 11:27:10,262 - WARNING - Logging warning
2024-04-23 11:27:11,266 - DEBUG - Logging debug
2024-04-23 11:27:12,270 - ERROR - Logging error
2024-04-23 11:27:13,274 - WARNING - Logging warning
2024-04-23 11:27:14,282 - INFO - Logging info
2024-04-23 11:27:15,285 - WARNING - Logging warning
2024-04-23 11:27:16,290 - ERROR - Logging error
2024-04-23 11:27:17,293 - INFO - Logging critical
2024-04-23 11:27:18,296 - WARNING - Logging warning
2024-04-23 11:27:19,299 - INFO - Logging info
2024-04-23 11:27:20,303 - ERROR - Logging error
2024-04-23 11:27:21,306 - WARNING - Logging warning
2024-04-23 11:27:22,309 - WARNING - Logging warning
2024-04-23 11:27:23,312 - WARNING - Logging warning
2024-04-23 11:27:24,316 - WARNING - Logging warning
2024-04-23 11:27:25,319 - INFO - Logging critical
2024-04-23 11:27:26,322 - ERROR - Logging error
2024-04-23 11:27:27,325 - DEBUG - Logging debug
2024-04-23 11:27:28,329 - INFO - Logging critical
2024-04-23 11:27:29,332 - DEBUG - Logging debug
2024-04-23 11:27:30,336 - INFO - Logging critical
2024-04-23 11:27:31,340 - INFO - Logging critical
2024-04-23 11:27:32,344 - DEBUG - Logging debug
2024-04-23 11:27:33,366 - WARNING - Logging warning
2024-04-23 11:27:34,369 - INFO - Logging critical
2024-04-23 11:27:35,373 - INFO - Logging info
2024-04-23 11:27:36,377 - ERROR - Logging error
2024-04-23 11:27:37,381 - INFO - Logging info
2024-04-23 11:27:38,386 - DEBUG - Logging debug
2024-04-23 11:27:39,391 - DEBUG - Logging debug
2024-04-23 11:27:40,395 - INFO - Logging critical
2024-04-23 11:27:41,398 - WARNING - Logging warning
2024-04-23 11:27:42,402 - DEBUG - Logging debug
2024-04-23 11:27:43,408 - DEBUG - Logging debug
2024-04-23 11:27:44,412 - WARNING - Logging warning
2024-04-23 11:27:45,416 - ERROR - Logging error
2024-04-23 11:27:46,419 - INFO - Logging critical
2024-04-23 11:27:47,423 - WARNING - Logging warning
2024-04-23 11:27:48,427 - INFO - Logging info
2024-04-23 11:27:49,431 - INFO - Logging info
2024-04-23 11:27:50,435 - WARNING - Logging warning
2024-04-23 11:27:51,439 - ERROR - Logging error
2024-04-23 11:27:52,454 - ERROR - Logging error
2024-04-23 11:27:53,458 - WARNING - Logging warning
2024-04-23 11:27:54,461 - ERROR - Logging error
2024-04-23 11:27:55,465 - DEBUG - Logging debug
2024-04-23 11:27:56,469 - ERROR - Logging error
2024-04-23 11:27:57,473 - DEBUG - Logging debug
2024-04-23 11:27:58,478 - WARNING - Logging warning
2024-04-23 11:27:59,530 - DEBUG - Logging debug
2024-04-23 11:28:00,534 - DEBUG - Logging debug
2024-04-23 11:28:01,536 - WARNING - Logging warning
2024-04-23 11:28:02,540 - ERROR - Logging error
2024-04-23 11:28:03,544 - WARNING - Logging warning
2024-04-23 11:28:04,548 - DEBUG - Logging debug
2024-04-23 11:28:05,551 - WARNING - Logging warning
2024-04-23 11:28:06,556 - DEBUG - Logging debug
2024-04-23 11:28:07,560 - INFO - Logging info
2024-04-23 11:28:08,564 - INFO - Logging critical
2024-04-23 11:28:09,568 - INFO - Logging critical
2024-04-23 11:28:10,573 - DEBUG - Logging debug
2024-04-23 11:28:11,578 - DEBUG - Logging debug
2024-04-23 11:28:12,582 - INFO - Logging info
2024-04-23 11:28:13,586 - ERROR - Logging error
2024-04-23 11:28:14,590 - WARNING - Logging warning
2024-04-23 11:28:15,595 - WARNING - Logging warning
2024-04-23 11:28:16,599 - INFO - Logging critical
2024-04-23 11:28:17,604 - ERROR - Logging error
2024-04-23 11:28:18,608 - WARNING - Logging warning
2024-04-23 11:28:19,612 - INFO - Logging info
2024-04-23 11:28:20,616 - ERROR - Logging error
2024-04-23 11:28:21,621 - DEBUG - Logging debug
2024-04-23 11:28:22,625 - WARNING - Logging warning
2024-04-23 11:28:23,629 - DEBUG - Logging debug
2024-04-23 11:28:24,634 - INFO - Logging info
2024-04-23 11:28:25,639 - WARNING - Logging warning
2024-04-23 11:28:26,642 - WARNING - Logging warning
2024-04-23 11:28:27,645 - INFO - Logging info
2024-04-23 11:28:28,648 - WARNING - Logging warning
2024-04-23 11:28:29,652 - INFO - Logging critical
2024-04-23 11:28:30,655 - ERROR - Logging error
2024-04-23 11:28:31,658 - DEBUG - Logging debug
2024-04-23 11:28:32,662 - DEBUG - Logging debug
2024-04-23 11:28:33,668 - WARNING - Logging warning
2024-04-23 11:28:34,672 - WARNING - Logging warning
2024-04-23 11:28:35,679 - INFO - Logging critical
2024-04-23 11:28:36,683 - ERROR - Logging error
2024-04-23 11:28:37,687 - INFO - Logging info
2024-04-23 11:28:38,691 - INFO - Logging info
2024-04-23 11:28:39,695 - INFO - Logging critical
2024-04-23 11:28:40,698 - INFO - Logging info
2024-04-23 11:28:41,702 - WARNING - Logging warning
2024-04-23 11:28:42,706 - ERROR - Logging error
2024-04-23 11:28:43,709 - INFO - Logging info
2024-04-23 11:28:44,713 - WARNING - Logging warning
2024-04-23 11:28:45,717 - WARNING - Logging warning
2024-04-23 11:28:46,721 - INFO - Logging info
2024-04-23 11:28:47,725 - WARNING - Logging warning
2024-04-23 11:28:48,729 - INFO - Logging critical
2024-04-23 11:28:49,732 - INFO - Logging critical
2024-04-23 11:28:50,736 - INFO - Logging info
2024-04-23 11:28:51,740 - WARNING - Logging warning
2024-04-23 11:28:52,744 - DEBUG - Logging debug
2024-04-23 11:28:53,748 - WARNING - Logging warning
2024-04-23 11:28:54,752 - ERROR - Logging error
2024-04-23 11:28:55,756 - ERROR - Logging error
2024-04-23 11:28:56,760 - ERROR - Logging error
2024-04-23 11:28:57,764 - WARNING - Logging warning
2024-04-23 11:28:58,769 - DEBUG - Logging debug
2024-04-23 11:28:59,773 - DEBUG - Logging debug
2024-04-23 11:29:00,777 - DEBUG - Logging debug
2024-04-23 11:29:01,781 - DEBUG - Logging debug
2024-04-23 11:29:02,786 - DEBUG - Logging debug
2024-04-23 11:29:03,790 - DEBUG - Logging debug
2024-04-23 11:29:04,794 - ERROR - Logging error
2024-04-23 11:29:05,798 - DEBUG - Logging debug
2024-04-23 11:29:06,802 - WARNING - Logging warning
2024-04-23 11:29:07,805 - INFO - Logging info
2024-04-23 11:29:08,809 - DEBUG - Logging debug
2024-04-23 11:29:09,813 - INFO - Logging info
2024-04-23 11:29:10,816 - INFO - Logging critical
2024-04-23 11:29:11,821 - WARNING - Logging warning
2024-04-23 11:29:12,825 - DEBUG - Logging debug
2024-04-23 11:29:13,829 - INFO - Logging info
2024-04-23 11:29:14,833 - DEBUG - Logging debug
2024-04-23 11:29:15,838 - WARNING - Logging warning
2024-04-23 11:29:16,841 - ERROR - Logging error
2024-04-23 11:29:17,845 - INFO - Logging info
2024-04-23 11:29:18,855 - INFO - Logging critical
2024-04-23 11:29:19,858 - INFO - Logging info
2024-04-23 11:29:20,862 - WARNING - Logging warning
2024-04-23 11:29:21,866 - INFO - Logging info
2024-04-23 11:29:22,870 - WARNING - Logging warning
2024-04-23 11:29:23,875 - INFO - Logging info
2024-04-23 11:29:24,879 - DEBUG - Logging debug
2024-04-23 11:29:25,883 - INFO - Logging critical
2024-04-23 11:29:26,886 - WARNING - Logging warning
2024-04-23 11:29:27,891 - ERROR - Logging error
2024-04-23 11:29:28,895 - ERROR - Logging error
2024-04-23 11:29:29,898 - DEBUG - Logging debug
2024-04-23 11:29:30,901 - WARNING - Logging warning
2024-04-23 11:29:31,905 - ERROR - Logging error
2024-04-23 11:29:32,909 - INFO - Logging info
2024-04-23 11:29:33,913 - DEBUG - Logging debug
2024-04-23 11:29:34,918 - WARNING - Logging warning
2024-04-23 11:29:35,922 - ERROR - Logging error
2024-04-23 11:29:36,930 - WARNING - Logging warning
2024-04-23 11:29:37,932 - ERROR - Logging error
2024-04-23 11:29:38,936 - ERROR - Logging error
2024-04-23 11:29:39,940 - INFO - Logging critical
2024-04-23 11:29:40,944 - DEBUG - Logging debug
2024-04-23 11:29:41,948 - DEBUG - Logging debug
2024-04-23 11:29:42,951 - WARNING - Logging warning
2024-04-23 11:29:43,955 - INFO - Logging info
2024-04-23 11:29:44,960 - WARNING - Logging warning
2024-04-23 11:29:45,964 - DEBUG - Logging debug
2024-04-23 11:29:46,968 - WARNING - Logging warning
2024-04-23 11:29:47,971 - ERROR - Logging error
2024-04-23 11:29:48,976 - ERROR - Logging error
2024-04-23 11:29:49,980 - ERROR - Logging error
2024-04-23 11:29:50,983 - DEBUG - Logging debug
2024-04-23 11:29:51,987 - WARNING - Logging warning
2024-04-23 11:29:52,991 - INFO - Logging info
2024-04-23 11:29:53,995 - ERROR - Logging error
2024-04-23 11:29:55,004 - DEBUG - Logging debug
2024-04-23 11:29:56,009 - ERROR - Logging error
2024-04-23 11:29:57,012 - DEBUG - Logging debug
2024-04-23 11:29:58,016 - WARNING - Logging warning
2024-04-23 11:29:59,020 - DEBUG - Logging debug
2024-04-23 11:30:00,024 - INFO - Logging critical
2024-04-23 11:30:01,028 - INFO - Logging critical
2024-04-23 11:30:02,031 - INFO - Logging critical
2024-04-23 11:30:03,034 - INFO - Logging critical
2024-04-23 11:30:04,038 - INFO - Logging info
2024-04-23 11:30:05,042 - INFO - Logging info
2024-04-23 11:30:06,047 - WARNING - Logging warning
2024-04-23 11:30:07,051 - INFO - Logging critical
2024-04-23 11:30:08,056 - INFO - Logging critical
2024-04-23 11:30:09,059 - INFO - Logging info
2024-04-23 11:30:10,063 - DEBUG - Logging debug
2024-04-23 11:30:11,066 - INFO - Logging info
2024-04-23 11:30:12,070 - DEBUG - Logging debug
2024-04-23 11:30:13,073 - INFO - Logging info
2024-04-23 11:30:14,076 - INFO - Logging info
2024-04-23 11:30:15,080 - ERROR - Logging error
2024-04-23 11:30:16,085 - INFO - Logging critical
2024-04-23 11:30:17,089 - ERROR - Logging error
2024-04-23 11:30:18,093 - INFO - Logging critical
2024-04-23 11:30:19,097 - DEBUG - Logging debug
2024-04-23 11:30:20,101 - INFO - Logging critical
2024-04-23 11:30:21,108 - INFO - Logging info
2024-04-23 11:30:22,112 - INFO - Logging critical
2024-04-23 11:30:23,117 - WARNING - Logging warning
2024-04-23 11:30:24,122 - INFO - Logging critical
2024-04-23 11:30:25,154 - INFO - Logging critical
2024-04-23 11:30:26,157 - ERROR - Logging error
2024-04-23 11:30:27,161 - INFO - Logging info
2024-04-23 11:30:28,165 - WARNING - Logging warning
2024-04-23 11:30:29,171 - ERROR - Logging error
2024-04-23 11:30:30,175 - DEBUG - Logging debug
2024-04-23 11:30:31,179 - DEBUG - Logging debug
2024-04-23 11:30:32,183 - WARNING - Logging warning
2024-04-23 11:30:33,187 - ERROR - Logging error
2024-04-23 11:30:34,190 - WARNING - Logging warning
2024-04-23 11:30:35,194 - DEBUG - Logging debug
2024-04-23 11:30:36,198 - INFO - Logging critical
2024-04-23 11:30:37,202 - INFO - Logging info
2024-04-23 11:30:38,211 - DEBUG - Logging debug
2024-04-23 11:30:39,216 - INFO - Logging critical
2024-04-23 11:30:40,220 - INFO - Logging critical
2024-04-23 11:30:41,224 - INFO - Logging info
2024-04-23 11:30:42,229 - ERROR - Logging error
2024-04-23 11:30:43,234 - WARNING - Logging warning
2024-04-23 11:30:44,238 - INFO - Logging critical
2024-04-23 11:30:45,243 - ERROR - Logging error
2024-04-23 11:30:46,248 - WARNING - Logging warning
2024-04-23 11:30:47,251 - ERROR - Logging error
2024-04-23 11:30:48,255 - INFO - Logging info
2024-04-23 11:30:49,259 - INFO - Logging info
2024-04-23 11:30:50,262 - ERROR - Logging error
2024-04-23 11:30:51,267 - INFO - Logging critical
2024-04-23 11:30:52,271 - ERROR - Logging error
2024-04-23 11:30:53,275 - WARNING - Logging warning
2024-04-23 11:30:54,280 - INFO - Logging info
2024-04-23 11:30:55,284 - INFO - Logging critical
2024-04-23 11:30:56,289 - INFO - Logging info
2024-04-23 11:30:57,293 - INFO - Logging info
2024-04-23 11:30:58,298 - INFO - Logging info
2024-04-23 11:30:59,355 - INFO - Logging info
2024-04-23 11:31:00,359 - WARNING - Logging warning
2024-04-23 11:31:01,364 - INFO - Logging critical
2024-04-23 11:31:02,370 - INFO - Logging info
2024-04-23 11:31:03,376 - DEBUG - Logging debug
2024-04-23 11:31:04,384 - DEBUG - Logging debug
2024-04-23 11:31:05,388 - ERROR - Logging error
2024-04-23 11:31:06,393 - DEBUG - Logging debug
2024-04-23 11:31:07,397 - DEBUG - Logging debug
2024-04-23 11:31:08,401 - INFO - Logging critical
2024-04-23 11:31:09,406 - WARNING - Logging warning
2024-04-23 11:31:10,409 - INFO - Logging critical
2024-04-23 11:31:11,413 - WARNING - Logging warning
2024-04-23 11:31:12,418 - WARNING - Logging warning
2024-04-23 11:31:13,423 - WARNING - Logging warning
2024-04-23 11:31:14,427 - DEBUG - Logging debug
2024-04-23 11:31:15,432 - WARNING - Logging warning
2024-04-23 11:31:16,437 - INFO - Logging critical
2024-04-23 11:31:17,442 - DEBUG - Logging debug
2024-04-23 11:31:18,447 - WARNING - Logging warning
2024-04-23 11:31:19,452 - INFO - Logging critical
2024-04-23 11:31:20,456 - INFO - Logging critical
2024-04-23 11:31:21,460 - INFO - Logging info
2024-04-23 11:31:22,465 - INFO - Logging critical
2024-04-23 11:31:23,469 - WARNING - Logging warning
2024-04-23 11:31:24,472 - INFO - Logging info
2024-04-23 11:31:25,477 - DEBUG - Logging debug
2024-04-23 11:31:26,487 - INFO - Logging critical
2024-04-23 11:31:27,491 - INFO - Logging info
2024-04-23 11:31:28,495 - INFO - Logging info
2024-04-23 11:31:29,498 - WARNING - Logging warning
2024-04-23 11:31:30,503 - ERROR - Logging error
2024-04-23 11:31:31,506 - INFO - Logging critical
2024-04-23 11:31:32,509 - DEBUG - Logging debug
2024-04-23 11:31:33,513 - INFO - Logging info
2024-04-23 11:31:34,517 - WARNING - Logging warning
2024-04-23 11:31:35,522 - INFO - Logging info
2024-04-23 11:31:36,526 - ERROR - Logging error
2024-04-23 11:31:37,530 - DEBUG - Logging debug
2024-04-23 11:31:38,534 - INFO - Logging info
2024-04-23 11:31:39,538 - INFO - Logging critical
2024-04-23 11:31:40,541 - ERROR - Logging error
2024-04-23 11:31:41,546 - WARNING - Logging warning
2024-04-23 11:31:42,549 - DEBUG - Logging debug
2024-04-23 11:31:43,553 - INFO - Logging info
2024-04-23 11:31:44,556 - DEBUG - Logging debug
2024-04-23 11:31:45,570 - INFO - Logging info
2024-04-23 11:31:46,574 - ERROR - Logging error
2024-04-23 11:31:47,578 - INFO - Logging critical
2024-04-23 11:31:48,582 - DEBUG - Logging debug
2024-04-23 11:31:49,586 - ERROR - Logging error
2024-04-23 11:31:50,590 - ERROR - Logging error
2024-04-23 11:31:51,594 - INFO - Logging info
2024-04-23 11:31:52,597 - ERROR - Logging error
2024-04-23 11:31:53,601 - WARNING - Logging warning
2024-04-23 11:31:54,606 - DEBUG - Logging debug
2024-04-23 11:31:55,609 - WARNING - Logging warning
2024-04-23 11:31:56,613 - WARNING - Logging warning
2024-04-23 11:31:57,617 - INFO - Logging info
2024-04-23 11:31:58,621 - INFO - Logging info
2024-04-23 11:31:59,625 - DEBUG - Logging debug
2024-04-23 11:32:00,628 - ERROR - Logging error
2024-04-23 11:32:01,631 - INFO - Logging info
2024-04-23 11:32:02,635 - DEBUG - Logging debug
2024-04-23 11:32:03,639 - ERROR - Logging error
2024-04-23 11:32:04,660 - ERROR - Logging error
2024-04-23 11:32:05,665 - INFO - Logging critical
2024-04-23 11:32:06,737 - DEBUG - Logging debug
2024-04-23 11:32:07,741 - INFO - Logging info
2024-04-23 11:32:08,750 - WARNING - Logging warning
2024-04-23 11:32:09,754 - DEBUG - Logging debug
2024-04-23 11:32:10,758 - INFO - Logging info
2024-04-23 11:32:11,762 - INFO - Logging critical
2024-04-23 11:32:12,767 - INFO - Logging info
2024-04-23 11:32:13,770 - INFO - Logging critical
2024-04-23 11:32:14,774 - DEBUG - Logging debug
2024-04-23 11:32:15,778 - WARNING - Logging warning
2024-04-23 11:32:16,782 - ERROR - Logging error
2024-04-23 11:32:17,786 - DEBUG - Logging debug
2024-04-23 11:32:18,791 - INFO - Logging info
2024-04-23 11:32:19,795 - INFO - Logging critical
2024-04-23 11:32:20,798 - DEBUG - Logging debug
2024-04-23 11:32:21,803 - DEBUG - Logging debug
2024-04-23 11:32:22,807 - INFO - Logging critical
2024-04-23 11:32:23,812 - INFO - Logging critical
2024-04-23 11:32:24,816 - DEBUG - Logging debug
2024-04-23 11:32:25,820 - DEBUG - Logging debug
2024-04-23 11:32:26,824 - ERROR - Logging error
2024-04-23 11:32:27,830 - WARNING - Logging warning
2024-04-23 11:32:28,834 - ERROR - Logging error
2024-04-23 11:32:29,837 - DEBUG - Logging debug
2024-04-23 11:32:30,841 - INFO - Logging critical
2024-04-23 11:32:31,845 - WARNING - Logging warning
2024-04-23 11:32:32,850 - WARNING - Logging warning
2024-04-23 11:32:33,854 - WARNING - Logging warning
2024-04-23 11:32:34,858 - INFO - Logging info
2024-04-23 11:32:35,863 - INFO - Logging info
2024-04-23 11:32:36,869 - WARNING - Logging warning
2024-04-23 11:32:37,872 - INFO - Logging info
2024-04-23 11:32:38,877 - DEBUG - Logging debug
2024-04-23 11:32:39,881 - DEBUG - Logging debug
2024-04-23 11:32:40,885 - ERROR - Logging error
2024-04-23 11:32:41,888 - INFO - Logging critical
2024-04-23 11:32:42,891 - INFO - Logging info
2024-04-23 11:32:43,896 - INFO - Logging critical
2024-04-23 11:32:44,899 - INFO - Logging critical
2024-04-23 11:32:45,903 - ERROR - Logging error
2024-04-23 11:32:46,906 - INFO - Logging critical
2024-04-23 11:32:47,910 - ERROR - Logging error
2024-04-23 11:32:48,914 - DEBUG - Logging debug
2024-04-23 11:32:49,917 - INFO - Logging info
2024-04-23 11:32:50,921 - DEBUG - Logging debug
2024-04-23 11:32:51,925 - INFO - Logging critical
2024-04-23 11:32:52,928 - DEBUG - Logging debug
2024-04-23 11:32:53,932 - ERROR - Logging error
2024-04-23 11:32:54,937 - WARNING - Logging warning
2024-04-23 11:32:55,940 - DEBUG - Logging debug
2024-04-23 11:32:56,943 - WARNING - Logging warning
2024-04-23 11:32:57,947 - INFO - Logging critical
2024-04-23 11:32:58,952 - ERROR - Logging error
2024-04-23 11:32:59,956 - WARNING - Logging warning
2024-04-23 11:33:00,960 - INFO - Logging critical
2024-04-23 11:33:01,964 - ERROR - Logging error
2024-04-23 11:33:02,968 - DEBUG - Logging debug
2024-04-23 11:33:03,972 - INFO - Logging info
2024-04-23 11:33:04,976 - INFO - Logging critical
2024-04-23 11:33:05,980 - INFO - Logging critical
2024-04-23 11:33:06,983 - ERROR - Logging error
2024-04-23 11:33:07,986 - DEBUG - Logging debug
2024-04-23 11:33:08,990 - INFO - Logging info
2024-04-23 11:33:09,995 - WARNING - Logging warning
2024-04-23 11:33:11,000 - INFO - Logging critical
2024-04-23 11:33:12,004 - DEBUG - Logging debug
2024-04-23 11:33:13,008 - DEBUG - Logging debug
2024-04-23 11:33:14,013 - WARNING - Logging warning
2024-04-23 11:33:15,016 - INFO - Logging critical
2024-04-23 11:33:16,021 - ERROR - Logging error
2024-04-23 11:33:17,025 - WARNING - Logging warning
2024-04-23 11:33:18,029 - INFO - Logging critical
2024-04-23 11:33:19,033 - DEBUG - Logging debug
2024-04-23 11:33:20,037 - INFO - Logging critical
2024-04-23 11:33:21,040 - DEBUG - Logging debug
2024-04-23 11:33:22,045 - INFO - Logging info
2024-04-23 11:33:23,049 - WARNING - Logging warning
2024-04-23 11:33:24,052 - INFO - Logging critical
2024-04-23 11:33:25,057 - ERROR - Logging error
2024-04-23 11:33:26,061 - DEBUG - Logging debug
2024-04-23 11:33:27,065 - INFO - Logging info
2024-04-23 11:33:28,070 - INFO - Logging critical
2024-04-23 11:33:29,074 - WARNING - Logging warning
2024-04-23 11:33:30,078 - DEBUG - Logging debug
2024-04-23 11:33:31,083 - ERROR - Logging error
2024-04-23 11:33:32,089 - INFO - Logging info
2024-04-23 11:33:33,131 - ERROR - Logging error
2024-04-23 11:33:34,135 - INFO - Logging info
2024-04-23 11:33:35,139 - WARNING - Logging warning
2024-04-23 11:33:36,144 - ERROR - Logging error
2024-04-23 11:33:37,148 - WARNING - Logging warning
2024-04-23 11:33:38,152 - INFO - Logging critical
2024-04-23 11:33:39,156 - INFO - Logging critical
2024-04-23 11:33:40,160 - DEBUG - Logging debug
2024-04-23 11:33:41,164 - DEBUG - Logging debug
2024-04-23 11:33:42,167 - DEBUG - Logging debug
2024-04-23 11:33:43,170 - INFO - Logging critical
2024-04-23 11:33:44,174 - ERROR - Logging error
2024-04-23 11:33:45,178 - WARNING - Logging warning
2024-04-23 11:33:46,181 - WARNING - Logging warning
2024-04-23 11:33:47,186 - WARNING - Logging warning
2024-04-23 11:33:48,189 - INFO - Logging critical
2024-04-23 11:33:49,192 - INFO - Logging info
2024-04-23 11:33:50,197 - DEBUG - Logging debug
2024-04-23 11:33:51,201 - ERROR - Logging error
2024-04-23 11:33:52,205 - INFO - Logging info
2024-04-23 11:33:53,209 - INFO - Logging info
2024-04-23 11:33:54,213 - INFO - Logging info
2024-04-23 11:33:55,218 - INFO - Logging info
2024-04-23 11:33:56,222 - DEBUG - Logging debug
2024-04-23 11:33:57,225 - INFO - Logging info
2024-04-23 11:33:58,229 - INFO - Logging critical
2024-04-23 11:33:59,233 - DEBUG - Logging debug
2024-04-23 11:34:00,237 - ERROR - Logging error
2024-04-23 11:34:01,241 - INFO - Logging critical
2024-04-23 11:34:02,246 - INFO - Logging info
2024-04-23 11:34:03,251 - DEBUG - Logging debug
2024-04-23 11:34:04,255 - INFO - Logging info
2024-04-23 11:34:05,259 - INFO - Logging critical
2024-04-23 11:34:06,263 - ERROR - Logging error
2024-04-23 11:34:07,267 - DEBUG - Logging debug
2024-04-23 11:34:08,271 - ERROR - Logging error
2024-04-23 11:34:09,275 - INFO - Logging critical
2024-04-23 11:34:10,279 - INFO - Logging critical
2024-04-23 11:34:11,283 - WARNING - Logging warning
2024-04-23 11:34:12,288 - WARNING - Logging warning
2024-04-23 11:34:13,291 - INFO - Logging critical
2024-04-23 11:34:14,295 - DEBUG - Logging debug
2024-04-23 11:34:15,299 - ERROR - Logging error
2024-04-23 11:34:16,303 - DEBUG - Logging debug
2024-04-23 11:34:17,308 - ERROR - Logging error
2024-04-23 11:34:18,313 - INFO - Logging critical
2024-04-23 11:34:19,317 - INFO - Logging critical
2024-04-23 11:34:20,321 - ERROR - Logging error
2024-04-23 11:34:21,325 - WARNING - Logging warning
2024-04-23 11:34:22,343 - ERROR - Logging error
2024-04-23 11:34:23,346 - WARNING - Logging warning
2024-04-23 11:34:24,350 - INFO - Logging info
2024-04-23 11:34:25,355 - INFO - Logging info
2024-04-23 11:34:26,359 - WARNING - Logging warning
2024-04-23 11:34:27,364 - WARNING - Logging warning
2024-04-23 11:34:28,373 - ERROR - Logging error
2024-04-23 11:34:29,377 - INFO - Logging critical
2024-04-23 11:34:30,381 - ERROR - Logging error
2024-04-23 11:34:31,385 - WARNING - Logging warning
2024-04-23 11:34:32,389 - INFO - Logging info
2024-04-23 11:34:33,394 - DEBUG - Logging debug
2024-04-23 11:34:34,399 - INFO - Logging critical
2024-04-23 11:34:35,403 - INFO - Logging critical
2024-04-23 11:34:36,406 - DEBUG - Logging debug
2024-04-23 11:34:37,410 - WARNING - Logging warning
2024-04-23 11:34:38,415 - WARNING - Logging warning
2024-04-23 11:34:39,421 - INFO - Logging critical
2024-04-23 11:34:40,425 - INFO - Logging critical
2024-04-23 11:34:41,429 - INFO - Logging critical
2024-04-23 11:34:42,434 - INFO - Logging info
2024-04-23 11:34:43,438 - INFO - Logging critical
2024-04-23 11:34:44,442 - INFO - Logging critical
2024-04-23 11:34:45,446 - DEBUG - Logging debug
2024-04-23 11:34:46,452 - ERROR - Logging error
2024-04-23 11:34:47,456 - WARNING - Logging warning
2024-04-23 11:34:48,460 - INFO - Logging info
2024-04-23 11:34:49,466 - DEBUG - Logging debug
2024-04-23 11:34:50,471 - INFO - Logging info
2024-04-23 11:34:51,476 - ERROR - Logging error
2024-04-23 11:34:52,480 - ERROR - Logging error
2024-04-23 11:34:53,484 - ERROR - Logging error
2024-04-23 11:34:54,490 - DEBUG - Logging debug
2024-04-23 11:34:55,494 - DEBUG - Logging debug
2024-04-23 11:34:56,559 - INFO - Logging info
2024-04-23 11:34:57,563 - INFO - Logging critical
2024-04-23 11:34:58,566 - INFO - Logging info
2024-04-23 11:34:59,570 - DEBUG - Logging debug
2024-04-23 11:35:00,574 - WARNING - Logging warning
2024-04-23 11:35:01,576 - INFO - Logging critical
2024-04-23 11:35:02,580 - INFO - Logging info
2024-04-23 11:35:03,584 - ERROR - Logging error
2024-04-23 11:35:04,588 - ERROR - Logging error
2024-04-23 11:35:05,593 - DEBUG - Logging debug
2024-04-23 11:35:06,596 - WARNING - Logging warning
2024-04-23 11:35:07,601 - DEBUG - Logging debug
2024-04-23 11:35:08,605 - ERROR - Logging error
2024-04-23 11:35:09,610 - DEBUG - Logging debug
2024-04-23 11:35:10,614 - ERROR - Logging error
2024-04-23 11:35:11,619 - WARNING - Logging warning
2024-04-23 11:35:12,623 - DEBUG - Logging debug
2024-04-23 11:35:13,628 - INFO - Logging info
2024-04-23 11:35:14,631 - ERROR - Logging error
2024-04-23 11:35:15,635 - WARNING - Logging warning
2024-04-23 11:35:16,639 - INFO - Logging info
2024-04-23 11:35:17,644 - INFO - Logging info
2024-04-23 11:35:18,648 - ERROR - Logging error
2024-04-23 11:35:19,652 - INFO - Logging info
2024-04-23 11:35:20,656 - ERROR - Logging error
2024-04-23 11:35:21,659 - INFO - Logging info
2024-04-23 11:35:22,664 - WARNING - Logging warning
2024-04-23 11:35:23,678 - DEBUG - Logging debug
2024-04-23 11:35:24,682 - DEBUG - Logging debug
2024-04-23 11:35:25,686 - ERROR - Logging error
2024-04-23 11:35:26,690 - DEBUG - Logging debug
2024-04-23 11:35:27,694 - INFO - Logging info
2024-04-23 11:35:28,698 - DEBUG - Logging debug
2024-04-23 11:35:29,701 - ERROR - Logging error
2024-04-23 11:35:30,706 - DEBUG - Logging debug
2024-04-23 11:35:31,711 - DEBUG - Logging debug
2024-04-23 11:35:32,715 - ERROR - Logging error
2024-04-23 11:35:33,719 - INFO - Logging critical
2024-04-23 11:35:34,723 - INFO - Logging critical
2024-04-23 11:35:35,728 - INFO - Logging info
2024-04-23 11:35:36,779 - ERROR - Logging error
2024-04-23 11:35:37,788 - INFO - Logging critical
2024-04-23 11:35:38,791 - DEBUG - Logging debug
2024-04-23 11:35:39,794 - ERROR - Logging error
2024-04-23 11:35:40,798 - INFO - Logging info
2024-04-23 11:35:41,802 - INFO - Logging critical
2024-04-23 11:35:42,808 - INFO - Logging info
2024-04-23 11:35:43,813 - WARNING - Logging warning
2024-04-23 11:35:44,817 - INFO - Logging info
2024-04-23 11:35:45,821 - INFO - Logging info
2024-04-23 11:35:46,827 - WARNING - Logging warning
2024-04-23 11:35:47,831 - INFO - Logging info
2024-04-23 11:35:48,835 - INFO - Logging critical
2024-04-23 11:35:49,840 - DEBUG - Logging debug
2024-04-23 11:35:50,844 - INFO - Logging critical
2024-04-23 11:35:51,849 - ERROR - Logging error
2024-04-23 11:35:52,852 - DEBUG - Logging debug
2024-04-23 11:35:53,856 - ERROR - Logging error
2024-04-23 11:35:54,860 - ERROR - Logging error
2024-04-23 11:35:55,864 - ERROR - Logging error
2024-04-23 11:35:56,867 - INFO - Logging info
2024-04-23 11:35:57,870 - WARNING - Logging warning
2024-04-23 11:35:58,875 - INFO - Logging critical
2024-04-23 11:35:59,879 - ERROR - Logging error
2024-04-23 11:36:00,883 - DEBUG - Logging debug
2024-04-23 11:36:01,886 - INFO - Logging info
2024-04-23 11:36:02,890 - INFO - Logging info
2024-04-23 11:36:03,894 - WARNING - Logging warning
2024-04-23 11:36:04,898 - DEBUG - Logging debug
2024-04-23 11:36:05,903 - WARNING - Logging warning
2024-04-23 11:36:06,907 - INFO - Logging info
2024-04-23 11:36:07,911 - WARNING - Logging warning
2024-04-23 11:36:08,917 - ERROR - Logging error
2024-04-23 11:36:09,922 - INFO - Logging critical
2024-04-23 11:36:11,066 - ERROR - Logging error
2024-04-23 11:36:12,071 - WARNING - Logging warning
2024-04-23 11:36:13,075 - DEBUG - Logging debug
2024-04-23 11:36:14,081 - ERROR - Logging error
